<?xml version="1.0" encoding="UTF-8"?>
<!-- Generated by org.testng.reporters.JUnitReportReporter -->
<testsuite hostname="LAPTOP-2S3N9ROM" failures="0" tests="1" name="TestClass" time="12.041" errors="0" timestamp="2024-04-23T22:26:57 IST" skipped="0">
  <testcase classname="TestClass" name="Test2" time="12.041"/>
  <system-out/>
</testsuite> <!-- TestClass -->
